<?xml version='1.0' encoding='UTF-8'?>
<testsuite hostname="GSAir.local" name="FizzBuzzTest" tests="5" errors="0" failures="0" skipped="0" time="0.015" timestamp="2022-07-26T09:38:48">
          <properties>
      <property name="java.specification.version" value="18"/><property name="sun.jnu.encoding" value="UTF-8"/><property name="sun.arch.data.model" value="64"/><property name="java.vendor.url" value="https://java.oracle.com/"/><property name="sun.boot.library.path" value="/Users/graemestirling/Library/Java/JavaVirtualMachines/openjdk-18.0.2/Contents/Home/lib"/><property name="sun.java.command" value="/Users/graemestirling/Library/Caches/Coursier/arc/https/github.com/sbt/sbt/releases/download/v1.7.1/sbt-1.7.1.zip/sbt/bin/sbt-launch.jar test"/><property name="jdk.debug" value="release"/><property name="sun.stderr.encoding" value="UTF-8"/><property name="java.specification.vendor" value="Oracle Corporation"/><property name="java.version.date" value="2022-07-19"/><property name="java.home" value="/Users/graemestirling/Library/Java/JavaVirtualMachines/openjdk-18.0.2/Contents/Home"/><property name="file.separator" value="/"/><property name="java.vm.compressedOopsMode" value="Zero based"/><property name="line.separator" value="
"/><property name="sun.stdout.encoding" value="UTF-8"/><property name="java.vm.specification.vendor" value="Oracle Corporation"/><property name="java.specification.name" value="Java Platform API Specification"/><property name="sun.management.compiler" value="HotSpot 64-Bit Tiered Compilers"/><property name="java.runtime.version" value="18.0.2+9-61"/><property name="user.name" value="graemestirling"/><property name="log4j.ignoreTCL" value="true"/><property name="file.encoding" value="UTF-8"/><property name="jnidispatch.path" value="/Users/graemestirling/Library/Caches/JNA/temp/jna15225785605138017940.tmp"/><property name="jna.loaded" value="true"/><property name="java.io.tmpdir" value="/var/folders/2v/b3hgd58x50d4kgtfh1yj2glh0000gn/T/"/><property name="java.version" value="18.0.2"/><property name="java.vm.specification.name" value="Java Virtual Machine Specification"/><property name="native.encoding" value="UTF-8"/><property name="java.library.path" value="/Users/graemestirling/Library/Java/Extensions:/Library/Java/Extensions:/Network/Library/Java/Extensions:/System/Library/Java/Extensions:/usr/lib/java:."/><property name="java.vendor" value="Oracle Corporation"/><property name="scala.ext.dirs" value="/Users/graemestirling/.sbt/1.0/java9-rt-ext-oracle_corporation_18_0_2"/><property name="sun.io.unicode.encoding" value="UnicodeBig"/><property name="socksNonProxyHosts" value="local|*.local|169.254/16|*.169.254/16"/><property name="java.class.path" value="/Users/graemestirling/Library/Caches/Coursier/arc/https/github.com/sbt/sbt/releases/download/v1.7.1/sbt-1.7.1.zip/sbt/bin/sbt-launch.jar"/><property name="java.vm.vendor" value="Oracle Corporation"/><property name="jline.shutdownhook" value="false"/><property name="user.timezone" value="Europe/London"/><property name="java.vm.specification.version" value="18"/><property name="os.name" value="Mac OS X"/><property name="sun.java.launcher" value="SUN_STANDARD"/><property name="user.country" value="GB"/><property name="http.nonProxyHosts" value="local|*.local|169.254/16|*.169.254/16"/><property name="sun.cpu.endian" value="little"/><property name="user.home" value="/Users/graemestirling"/><property name="user.language" value="en"/><property name="sbt.script" value="/Users/graemestirling/Library/Caches/Coursier/arc/https/github.com/sbt/sbt/releases/download/v1.7.1/sbt-1.7.1.zip/sbt/bin/sbt"/><property name="swoval.tmpdir" value="/Users/graemestirling/.sbt/1.0"/><property name="apple.awt.application.name" value="Boot"/><property name="jline.esc.timeout" value="0"/><property name="ftp.nonProxyHosts" value="local|*.local|169.254/16|*.169.254/16"/><property name="path.separator" value=":"/><property name="os.version" value="12.2.1"/><property name="jna.nosys" value="true"/><property name="java.runtime.name" value="OpenJDK Runtime Environment"/><property name="java.vm.name" value="OpenJDK 64-Bit Server VM"/><property name="jna.platform.library.path" value="/usr/lib:/usr/lib"/><property name="java.vendor.url.bug" value="https://bugreport.java.com/bugreport/"/><property name="user.dir" value="/Users/graemestirling/fizz-buzz"/><property name="os.arch" value="x86_64"/><property name="java.vm.info" value="mixed mode, sharing"/><property name="java.vm.version" value="18.0.2+9-61"/><property name="java.class.version" value="62.0"/>
    </properties>
          <testcase classname="FizzBuzzTest" name="lists the numbers up to one" time="0.014">
                      
                    </testcase><testcase classname="FizzBuzzTest" name="lists the numbers up to two" time="0.0">
                      
                    </testcase><testcase classname="FizzBuzzTest" name="replaces 3 with Fizz" time="0.0">
                      
                    </testcase><testcase classname="FizzBuzzTest" name="replaces 5 with Buzz" time="0.0">
                      
                    </testcase><testcase classname="FizzBuzzTest" name="replaces 15 with FizzBuzz" time="0.001">
                      
                    </testcase>
          <system-out><![CDATA[]]></system-out>
          <system-err><![CDATA[]]></system-err>
        </testsuite>